<?xml version="1.0" encoding="UTF-8"?>
<!-- Generated by org.testng.reporters.JUnitReportReporter -->
<testsuite hostname="DESKTOP-74P5ITR" failures="0" tests="1" name="Testcases.NewWindowsTestcase" time="42.955" errors="0" timestamp="2023-01-05T03:33:50 GMT-05:00" skipped="0">
  <testcase classname="Testcases.NewWindowsTestcase" name="toVerifyNewWindowOpened" time="42.955"/>
  <system-out/>
</testsuite> <!-- Testcases.NewWindowsTestcase -->
