<?xml version="1.0" encoding="UTF-8"?>
<!-- Generated by org.testng.reporters.JUnitReportReporter -->
<testsuite hostname="DESKTOP-74P5ITR" failures="0" tests="1" name="Testcases.NotificationMessageTestcase" time="18.509" errors="0" timestamp="2023-01-05T03:54:25 GMT-05:00" skipped="0">
  <testcase classname="Testcases.NotificationMessageTestcase" name="notificationMessageFunctionality" time="18.509"/>
  <system-out/>
</testsuite> <!-- Testcases.NotificationMessageTestcase -->
