<?xml version="1.0" encoding="UTF-8"?>
<!-- Generated by org.testng.reporters.JUnitReportReporter -->
<testsuite hostname="DESKTOP-74P5ITR" failures="0" tests="1" name="Testcases.DynamicControlTestcase" time="101.145" errors="0" timestamp="2023-01-04T16:30:07 GMT-05:00" skipped="0">
  <testcase classname="Testcases.DynamicControlTestcase" name="dynamicControls" time="101.145"/>
  <system-out/>
</testsuite> <!-- Testcases.DynamicControlTestcase -->
