<?xml version="1.0" encoding="UTF-8"?>
<!-- Generated by org.testng.reporters.JUnitReportReporter -->
<testsuite hostname="DESKTOP-74P5ITR" failures="0" tests="1" name="Testcases.DragAndDroptestcases" time="67.153" errors="0" timestamp="2023-01-04T13:43:27 GMT-05:00" skipped="0">
  <testcase classname="Testcases.DragAndDroptestcases" name="dragAndDroppingFunctionality" time="67.153"/>
  <system-out/>
</testsuite> <!-- Testcases.DragAndDroptestcases -->
