<?xml version="1.0" encoding="UTF-8"?>
<!-- Generated by org.testng.reporters.JUnitReportReporter -->
<testsuite hostname="DESKTOP-74P5ITR" failures="0" tests="1" name="Testcases.DynamicContentTestcase" time="22.389" errors="0" timestamp="2023-01-04T15:54:52 GMT-05:00" skipped="0">
  <testcase classname="Testcases.DynamicContentTestcase" name="dynamicContentFunctionality" time="22.389"/>
  <system-out/>
</testsuite> <!-- Testcases.DynamicContentTestcase -->
