<?xml version="1.0" encoding="UTF-8"?>
<!-- Generated by org.testng.reporters.JUnitReportReporter -->
<testsuite hostname="DESKTOP-74P5ITR" failures="0" tests="1" name="Testcases.MouseHoversTestcase" time="129.927" errors="0" timestamp="2023-01-05T02:42:03 GMT-05:00" skipped="0">
  <testcase classname="Testcases.MouseHoversTestcase" name="mouseHover" time="129.927"/>
  <system-out/>
</testsuite> <!-- Testcases.MouseHoversTestcase -->
