<?xml version="1.0" encoding="UTF-8"?>
<!-- Generated by org.testng.reporters.JUnitReportReporter -->
<testsuite hostname="DESKTOP-74P5ITR" failures="0" tests="1" name="Testcases.CheckBoxTestcase" time="45.646" errors="0" timestamp="2023-01-04T11:52:53 GMT-05:00" skipped="0">
  <testcase classname="Testcases.CheckBoxTestcase" name="toCheckAndUncheck" time="45.646"/>
  <system-out/>
</testsuite> <!-- Testcases.CheckBoxTestcase -->
