<?xml version="1.0" encoding="UTF-8"?>
<!-- Generated by org.testng.reporters.JUnitReportReporter -->
<testsuite hostname="DESKTOP-74P5ITR" failures="0" tests="1" name="Testcases.ContextMenuTestcase" time="89.615" errors="0" timestamp="2023-01-04T12:45:47 GMT-05:00" skipped="0">
  <testcase classname="Testcases.ContextMenuTestcase" name="toVerifyTheAlert" time="89.615"/>
  <system-out/>
</testsuite> <!-- Testcases.ContextMenuTestcase -->
