<?xml version="1.0" encoding="UTF-8"?>
<!-- Generated by org.testng.reporters.JUnitReportReporter -->
<testsuite hostname="DESKTOP-74P5ITR" failures="0" tests="1" name="Testcases.DropdownTestcase" time="76.360" errors="0" timestamp="2023-01-04T14:29:07 GMT-05:00" skipped="0">
  <testcase classname="Testcases.DropdownTestcase" name="dropdownFunctionality" time="76.360"/>
  <system-out/>
</testsuite> <!-- Testcases.DropdownTestcase -->
