<?xml version="1.0" encoding="UTF-8"?>
<!-- Generated by org.testng.reporters.JUnitReportReporter -->
<testsuite hostname="DESKTOP-74P5ITR" failures="0" tests="1" name="Testcases.JavaScriptErrorTestcase" time="45.769" errors="0" timestamp="2023-01-05T03:19:42 GMT-05:00" skipped="0">
  <testcase classname="Testcases.JavaScriptErrorTestcase" name="javaScriptError" time="45.769"/>
  <system-out/>
</testsuite> <!-- Testcases.JavaScriptErrorTestcase -->
